e:\zone\nuclear-project\nuclear platform\build\vc141.pdb
e:\zone\nuclear-project\nuclear platform\build\vc141.idb
e:\zone\nuclear-project\nuclear platform\build\input.obj
e:\zone\nuclear-project\nuclear platform\build\timer.obj
e:\zone\nuclear-project\nuclear platform\build\win32_window.obj
e:\zone\nuclear-project\nuclear platform\build\dllmain.obj
e:\zone\nuclear-project\nuclear platform\build\window.obj
e:\zone\nuclear-project\nuclear platform\build\clock.obj
e:\zone\nuclear-project\nuclear platform\build\win32_clock.obj
e:\zone\nuclear-project\nuclear platform\build\application.obj
e:\zone\nuclear-project\build\nuclear.platform.dll
e:\zone\nuclear-project\build\nuclear.platform.ilk
e:\zone\nuclear-project\build\nuclear.platform.pdb
e:\zone\nuclear-project\build\nuclear.platform.lib
e:\zone\nuclear-project\build\nuclear.platform.exp
e:\zone\nuclear-project\nuclear platform\build\nuclear platform.tlog\cl.command.1.tlog
e:\zone\nuclear-project\nuclear platform\build\nuclear platform.tlog\cl.read.1.tlog
e:\zone\nuclear-project\nuclear platform\build\nuclear platform.tlog\cl.write.1.tlog
e:\zone\nuclear-project\nuclear platform\build\nuclear platform.tlog\link.1400.delete.1.tlog
e:\zone\nuclear-project\nuclear platform\build\nuclear platform.tlog\link.6548.delete.1.tlog
e:\zone\nuclear-project\nuclear platform\build\nuclear platform.tlog\link.8140.delete.1.tlog
e:\zone\nuclear-project\nuclear platform\build\nuclear platform.tlog\link.command.1.tlog
e:\zone\nuclear-project\nuclear platform\build\nuclear platform.tlog\link.delete.1.tlog
e:\zone\nuclear-project\nuclear platform\build\nuclear platform.tlog\link.read.1.tlog
e:\zone\nuclear-project\nuclear platform\build\nuclear platform.tlog\link.write.1.tlog
e:\zone\nuclear-project\nuclear platform\build\nuclear platform.tlog\nuclear platform.write.1u.tlog
