  dllmain.cpp
  Win32_OGL.cpp
e:\zone\nuclear-project\nuclear renderer opengl3\source\platform\win32\win32_ogl.cpp(45): warning C4302: 'type cast': truncation from 'LPWSTR' to 'WORD'
e:\zone\nuclear-project\nuclear renderer opengl3\source\platform\win32\win32_ogl.cpp(46): warning C4302: 'type cast': truncation from 'LPWSTR' to 'WORD'
  GLVertexBuffer.cpp
e:\zone\nuclear-project\nuclear renderer base\include\nuclearrendererbase\nrbinputlayout.h(39): warning C4251: 'NuclearRenderer::NRBInputLayout::Elements': class 'std::vector<NuclearRenderer::NRBInputLayout::ILElement,std::allocator<_Ty>>' needs to have dll-interface to be used by clients of class 'NuclearRenderer::NRBInputLayout'
          with
          [
              _Ty=NuclearRenderer::NRBInputLayout::ILElement
          ]
  e:\zone\nuclear-project\nuclear renderer base\include\nuclearrendererbase\nrbinputlayout.h(33): note: see declaration of 'std::vector<NuclearRenderer::NRBInputLayout::ILElement,std::allocator<_Ty>>'
          with
          [
              _Ty=NuclearRenderer::NRBInputLayout::ILElement
          ]
  GLUniformBuffer.cpp
  GLTexture2D.cpp
  GLShader.cpp
  GLIndexBuffer.cpp
  GLContext.cpp
  Generating Code...
LINK : fatal error LNK1104: cannot open file 'Nuclear Common.lib'
