e:\zone\nuclear-project\nuclear common\build\vc141.pdb
e:\zone\nuclear-project\nuclear common\build\vc141.idb
e:\zone\nuclear-project\nuclear common\build\dllmain.obj
e:\zone\nuclear-project\nuclear common\build\matrix.obj
e:\zone\nuclear-project\nuclear common\build\vector.obj
e:\zone\nuclear-project\nuclear common\build\logger.obj
e:\zone\nuclear-project\build\nuclearcommon.dll
e:\zone\nuclear-project\build\nuclearcommon.ilk
e:\zone\nuclear-project\build\nuclearcommon.pdb
e:\zone\nuclear-project\build\nuclear.common.lib
e:\zone\nuclear-project\build\nuclear.common.exp
e:\zone\nuclear-project\build\nuclearcommon.lib
e:\zone\nuclear-project\build\nuclearcommon.exp
e:\zone\nuclear-project\nuclear common\build\nuclear common.tlog\cl.command.1.tlog
e:\zone\nuclear-project\nuclear common\build\nuclear common.tlog\cl.read.1.tlog
e:\zone\nuclear-project\nuclear common\build\nuclear common.tlog\cl.write.1.tlog
e:\zone\nuclear-project\nuclear common\build\nuclear common.tlog\link.command.1.tlog
e:\zone\nuclear-project\nuclear common\build\nuclear common.tlog\link.read.1.tlog
e:\zone\nuclear-project\nuclear common\build\nuclear common.tlog\link.write.1.tlog
e:\zone\nuclear-project\nuclear common\build\nuclear common.tlog\nuclear common.write.1u.tlog
