  OBJ_Loader.cpp
e:\zone\nuclear-project\nuclear engine\source\resourcemanager\modelloader\obj_loader.cpp(377): warning C4018: '<': signed/unsigned mismatch
e:\zone\nuclear-project\nuclear engine\source\resourcemanager\modelloader\obj_loader.cpp(405): warning C4018: '<': signed/unsigned mismatch
e:\zone\nuclear-project\nuclear engine\source\resourcemanager\modelloader\obj_loader.cpp(411): warning C4018: '<': signed/unsigned mismatch
e:\zone\nuclear-project\nuclear engine\source\resourcemanager\modelloader\obj_loader.cpp(653): warning C4244: 'initializing': conversion from 'double' to 'float', possible loss of data
  Skybox.cpp
e:\zone\nuclear-project\nuclear engine\source\components\skybox.cpp(57): error C2109: subscript requires array or pointer type
e:\zone\nuclear-project\nuclear engine\source\components\skybox.cpp(58): error C2109: subscript requires array or pointer type
e:\zone\nuclear-project\nuclear engine\source\components\skybox.cpp(59): error C2109: subscript requires array or pointer type
e:\zone\nuclear-project\nuclear engine\source\components\skybox.cpp(60): error C2109: subscript requires array or pointer type
  Light.cpp
e:\zone\nuclear-project\nuclear engine\source\components\light.cpp(12): error C2440: '<function-style-cast>': cannot convert from 'initializer list' to 'Math::Vector4'
  e:\zone\nuclear-project\nuclear engine\source\components\light.cpp(12): note: No constructor could take the source type, or constructor overload resolution was ambiguous
  FlyCamera.cpp
e:\zone\nuclear-project\nuclear engine\source\components\flycamera.cpp(76): error C2039: 'LookAt': is not a member of 'Math'
  e:\zone\nuclear-project\nuclear common\include\math\scalartype.h(23): note: see declaration of 'Math'
e:\zone\nuclear-project\nuclear engine\source\components\flycamera.cpp(76): error C3861: 'LookAt': identifier not found
  Generating Code...
  Compiling...
  Renderer3D.cpp
  Cube.cpp
e:\zone\nuclear-project\nuclear engine\source\components\models\cube.cpp(143): warning C4018: '<': signed/unsigned mismatch
e:\zone\nuclear-project\nuclear engine\source\components\models\cube.cpp(166): warning C4018: '<': signed/unsigned mismatch
e:\zone\nuclear-project\nuclear engine\source\components\models\cube.cpp(184): warning C4018: '<': signed/unsigned mismatch
  Model.cpp
  Mesh.cpp
  GenericCamera.cpp
  Generating Code...
e:\zone\nuclear-project\nuclear engine\source\components\models\cube.cpp(150): warning C4700: uninitialized local variable 'Tex' used
