e:\zone\nuclear-project\nuclear renderer directx11\build\vc141.pdb
e:\zone\nuclear-project\nuclear renderer directx11\build\vc141.idb
e:\zone\nuclear-project\nuclear renderer directx11\build\dx11context.obj
e:\zone\nuclear-project\nuclear renderer directx11\build\dx11indexbuffer.obj
e:\zone\nuclear-project\nuclear renderer directx11\build\dx11shader.obj
e:\zone\nuclear-project\nuclear renderer directx11\build\dx11texture2d.obj
e:\zone\nuclear-project\nuclear renderer directx11\build\dx11uniformbuffer.obj
e:\zone\nuclear-project\nuclear renderer directx11\build\dx11vertexbuffer.obj
e:\zone\nuclear-project\build\nuclear.renderer.directx11.dll
e:\zone\nuclear-project\build\nuclear.renderer.directx11.ilk
e:\zone\nuclear-project\build\nuclear.renderer.directx11.pdb
e:\zone\nuclear-project\build\nuclear.renderer.directx11.lib
e:\zone\nuclear-project\build\nuclear.renderer.directx11.exp
e:\zone\nuclear-project\nuclear renderer directx11\build\nuclear .f9002ec3.tlog\cl.command.1.tlog
e:\zone\nuclear-project\nuclear renderer directx11\build\nuclear .f9002ec3.tlog\cl.read.1.tlog
e:\zone\nuclear-project\nuclear renderer directx11\build\nuclear .f9002ec3.tlog\cl.write.1.tlog
e:\zone\nuclear-project\nuclear renderer directx11\build\nuclear .f9002ec3.tlog\link.1572.delete.1.tlog
e:\zone\nuclear-project\nuclear renderer directx11\build\nuclear .f9002ec3.tlog\link.2504.delete.1.tlog
e:\zone\nuclear-project\nuclear renderer directx11\build\nuclear .f9002ec3.tlog\link.5980.delete.1.tlog
e:\zone\nuclear-project\nuclear renderer directx11\build\nuclear .f9002ec3.tlog\link.6864.delete.1.tlog
e:\zone\nuclear-project\nuclear renderer directx11\build\nuclear .f9002ec3.tlog\link.7156.delete.1.tlog
e:\zone\nuclear-project\nuclear renderer directx11\build\nuclear .f9002ec3.tlog\link.9120.delete.1.tlog
e:\zone\nuclear-project\nuclear renderer directx11\build\nuclear .f9002ec3.tlog\link.command.1.tlog
e:\zone\nuclear-project\nuclear renderer directx11\build\nuclear .f9002ec3.tlog\link.delete.1.tlog
e:\zone\nuclear-project\nuclear renderer directx11\build\nuclear .f9002ec3.tlog\link.read.1.tlog
e:\zone\nuclear-project\nuclear renderer directx11\build\nuclear .f9002ec3.tlog\link.write.1.tlog
e:\zone\nuclear-project\nuclear renderer directx11\build\nuclear .f9002ec3.tlog\nuclear renderer directx11.write.1u.tlog
